make all --print-data-base --no-builtin-variables --no-builtin-rules --question
# GNU Make 3.81
# Copyright (C) 2006  Free Software Foundation, Inc.
# This is free software; see the source for copying conditions.
# There is NO warranty; not even for MERCHANTABILITY or FITNESS FOR A
# PARTICULAR PURPOSE.

# This program built for i386-apple-darwin11.3.0
 
make: *** No rule to make target `all'.  Stop.


# Make data base, printed on Fri Jul 22 20:01:42 2022

# Variables

# automatic
<D = $(patsubst %/,%,$(dir $<))
# automatic
?F = $(notdir $?)
# environment
VSCODE_LOG_NATIVE = false
# automatic
?D = $(patsubst %/,%,$(dir $?))
# automatic
@D = $(patsubst %/,%,$(dir $@))
# automatic
@F = $(notdir $@)
# makefile
CURDIR := /Users/oribenez/Documents/OpenUni/2022b/C Programming/mmn/mmn_14/assembler-c-language
# makefile
SHELL = /bin/sh
# environment
VSCODE_NLS_CONFIG = {"locale":"en-us","availableLanguages":{},"_languagePackSupport":true}
# environment
_ = /usr/bin/make
# makefile (from `makefile', line 1)
CFLAGS = -Wall -ansi -pedantic
# makefile (from `makefile', line 1)
MAKEFILE_LIST :=  makefile
# environment
VSCODE_VERBOSE_LOGGING = true
# environment
__CFBundleIdentifier = com.microsoft.VSCode
# environment
VSCODE_IPC_HOOK_EXTHOST = /var/folders/sy/f0xp9bkj2wnbbmkrzdz30rkm0000gn/T/vscode-ipc-a0fe343d-0984-4a5e-948e-6986f291e267.sock
# environment
VSCODE_CWD = /
# environment
PATH = /Users/oribenez/.yarn/bin:/Users/oribenez/.config/yarn/global/node_modules/.bin:/usr/local/bin:/usr/bin:/bin:/usr/sbin:/sbin:/Applications/VMware Fusion.app/Contents/Public:/Library/Apple/usr/bin:/Applications/Postgres.app/Contents/Versions/latest/bin
# environment
VSCODE_LOG_STACK = false
# environment
ELECTRON_RUN_AS_NODE = 1
# default
.FEATURES := target-specific order-only second-expansion else-if archives jobserver check-symlink
# environment
SSH_AUTH_SOCK = /private/tmp/com.apple.launchd.DGmKLLYFrF/Listeners
# automatic
%F = $(notdir $%)
# makefile (from `makefile', line 4)
EXE_DEPS = main.o pre_processor.o utils.o text_engine.o global.o stage_1.o stage_2.o labels_linked_list.o external_linked_list.o
# environment
VSCODE_PIPE_LOGGING = true
# environment
PWD = /Users/oribenez/Documents/OpenUni/2022b/C Programming/mmn/mmn_14/assembler-c-language
# environment
ORIGINAL_XDG_CURRENT_DESKTOP = undefined
# environment
VSCODE_AMD_ENTRYPOINT = vs/workbench/api/node/extensionHostProcess
# environment
HOME = /Users/oribenez
# default
MAKEFILEPATH = $(shell /usr/bin/xcode-select -print-path 2>/dev/null || echo /Developer)/Makefiles
# environment
VSCODE_CODE_CACHE_PATH = /Users/oribenez/Library/Application Support/Code/CachedData/c3511e6c69bb39013c4a4b7b9566ec1ca73fc4d5
# environment
LOGNAME = oribenez
# environment
APPLICATION_INSIGHTS_NO_DIAGNOSTIC_CHANNEL = 1
# environment
VSCODE_HANDLES_UNCAUGHT_ERRORS = true
# automatic
^D = $(patsubst %/,%,$(dir $^))
# environment
XPC_FLAGS = 0x0
# default
MAKE = $(MAKE_COMMAND)
# default
MAKECMDGOALS := all
# environment
SHLVL = 1
# makefile (from `makefile', line 2)
CC = gcc
# environment
JAVA_HOME = /Library/Java/JavaVirtualMachines/jdk-15.0.2.jdk/Contents/Home
# default
MAKE_VERSION := 3.81
# environment
USER = oribenez
# makefile
.DEFAULT_GOAL := assembler
# automatic
%D = $(patsubst %/,%,$(dir $%))
 
# default
MAKE_COMMAND := /Library/Developer/CommandLineTools/usr/bin/make
# default
.VARIABLES := 
# environment
TMPDIR = /var/folders/sy/f0xp9bkj2wnbbmkrzdz30rkm0000gn/T/
# automatic
*F = $(notdir $*)
# environment
VSCODE_IPC_HOOK = /Users/oribenez/Library/Application Support/Code/1.67.2-main.sock
# makefile
MAKEFLAGS = Rrqp
# environment
MFLAGS = -Rrqp
# automatic
*D = $(patsubst %/,%,$(dir $*))
# environment
XPC_SERVICE_NAME = application.com.microsoft.VSCode.4404137410.4404137416
# automatic
+D = $(patsubst %/,%,$(dir $+))
# automatic
+F = $(notdir $+)
# environment
__CF_USER_TEXT_ENCODING = 0x1F5:0x0:0x0
# environment
COMMAND_MODE = unix2003
# default
MAKEFILES := 
# automatic
<F = $(notdir $<)
# makefile (from `makefile', line 3)
GLOBAL_DEPS = global.h
# environment
LC_ALL = C
# automatic
^F = $(notdir $^)
# default
SUFFIXES := 
# default
.INCLUDE_DIRS = /usr/local/include
# environment
MAKELEVEL := 0
# environment
LANG = C
# environment
VSCODE_PID = 81616
# variable set hash-table stats:
# Load=67/1024=7%, Rehash=0, Collisions=1/100=1%

# Pattern-specific Variable Values

# No pattern-specific variable values.

# Directories

# . (device 16777220, inode 4408616800): 24 files, no impossibilities.

# 24 files, no impossibilities in 1 directories.

# Implicit Rules

# No implicit rules.

# Files

external_linked_list.o: external_linked_list.c external_linked_list.h
#  Implicit rule search has not been done.
#  Modification time never checked.
#  File has not been updated.
#  commands to execute (from `makefile', line 37):
	$(CC) -c $(CFLAGS) external_linked_list.c
	

# Not a target:
text_engine.h:
#  Implicit rule search has not been done.
#  Modification time never checked.
#  File has not been updated.

# Not a target:
stage_1.c:
#  Implicit rule search has not been done.
#  Modification time never checked.
#  File has not been updated.

# Not a target:
pre_processor.c:
#  Implicit rule search has not been done.
#  Modification time never checked.
#  File has not been updated.

 
# Not a target:
global.c:
#  Implicit rule search has not been done.
#  Modification time never checked.
#  File has not been updated.

# Not a target:
all:
#  Command-line target.
#  Implicit rule search has been done.
#  File does not exist.
#  File has not been updated.
# variable set hash-table stats:
# Load=0/32=0%, Rehash=0, Collisions=0/0=0%

# Not a target:
utils.c:
#  Implicit rule search has not been done.
#  Modification time never checked.
#  File has not been updated.

labels_linked_list.o: labels_linked_list.c labels_linked_list.h
#  Implicit rule search has not been done.
#  Modification time never checked.
#  File has not been updated.
#  commands to execute (from `makefile', line 34):
	$(CC) -c $(CFLAGS) labels_linked_list.c
	

# Not a target:
stage_1.h:
#  Implicit rule search has not been done.
#  Modification time never checked.
#  File has not been updated.

# Not a target:
main.c:
#  Implicit rule search has not been done.
#  Modification time never checked.
#  File has not been updated.

# Not a target:
stage_2.c:
#  Implicit rule search has not been done.
#  Modification time never checked.
#  File has not been updated.

# Not a target:
pre_processor.h:
#  Implicit rule search has not been done.
#  Modification time never checked.
#  File has not been updated.

# Not a target:
global.h:
#  Implicit rule search has not been done.
#  Modification time never checked.
#  File has not been updated.

# Not a target:
.SUFFIXES:
#  Implicit rule search has not been done.
#  Modification time never checked.
#  File has not been updated.

# Not a target:
utils.h:
#  Implicit rule search has not been done.
#  Modification time never checked.
#  File has not been updated.

# Not a target:
stage_2.h:
#  Implicit rule search has not been done.
#  Modification time never checked.
#  File has not been updated.

# Not a target:
makefile:
#  Implicit rule search has been done.
#  Last modified 2022-07-22 20:01:00
#  File has been updated.
#  Successfully updated.
# variable set hash-table stats:
# Load=0/32=0%, Rehash=0, Collisions=0/0=0%

# Not a target:
external_linked_list.c:
#  Implicit rule search has not been done.
#  Modification time never checked.
#  File has not been updated.

# Not a target:
labels_linked_list.c:
#  Implicit rule search has not been done.
#  Modification time never checked.
#  File has not been updated.

# Not a target:
external_linked_list.h:
#  Implicit rule search has not been done.
#  Modification time never checked.
#  File has not been updated.

text_engine.o: text_engine.c text_engine.h global.h
#  Implicit rule search has not been done.
#  Modification time never checked.
 
#  File has not been updated.
#  commands to execute (from `makefile', line 28):
	$(CC) -c $(CFLAGS) text_engine.c
	

assembler: main.o pre_processor.o utils.o text_engine.o global.o stage_1.o stage_2.o labels_linked_list.o external_linked_list.o global.h
#  Implicit rule search has not been done.
#  Modification time never checked.
#  File has not been updated.
#  commands to execute (from `makefile', line 8):
	$(CC) -g $(CFLAGS) $(EXE_DEPS) -lm -o assembler
	

# Not a target:
.DEFAULT:
#  Implicit rule search has not been done.
#  Modification time never checked.
#  File has not been updated.

# Not a target:
labels_linked_list.h:
#  Implicit rule search has not been done.
#  Modification time never checked.
#  File has not been updated.

stage_1.o: stage_1.c stage_1.h global.h
#  Implicit rule search has not been done.
#  Modification time never checked.
#  File has not been updated.
#  commands to execute (from `makefile', line 22):
	$(CC) -c $(CFLAGS) stage_1.c
	

clean:
#  Implicit rule search has not been done.
#  Modification time never checked.
#  File has not been updated.
#  commands to execute (from `makefile', line 42):
	rm -rf *.o assembler
	

pre_processor.o: pre_processor.c pre_processor.h global.h
#  Implicit rule search has not been done.
#  Modification time never checked.
#  File has not been updated.
#  commands to execute (from `makefile', line 19):
	$(CC) -c $(CFLAGS) pre_processor.c
	

global.o: global.c global.h
#  Implicit rule search has not been done.
#  Modification time never checked.
#  File has not been updated.
#  commands to execute (from `makefile', line 16):
	$(CC) -c $(CFLAGS) global.c
	

utils.o: utils.c utils.h global.h
#  Implicit rule search has not been done.
#  Modification time never checked.
#  File has not been updated.
#  commands to execute (from `makefile', line 31):
	$(CC) -c $(CFLAGS) utils.c
	

main.o: main.c global.h
#  Implicit rule search has not been done.
#  Modification time never checked.
#  File has not been updated.
#  commands to execute (from `makefile', line 13):
	$(CC) -c $(CFLAGS) main.c
	

stage_2.o: stage_2.c stage_2.h global.h
#  Implicit rule search has not been done.
#  Modification time never checked.
#  File has not been updated.
#  commands to execute (from `makefile', line 25):
	$(CC) -c $(CFLAGS) stage_2.c
	

# Not a target:
text_engine.c:
#  Implicit rule search has not been done.
#  Modification time never checked.
 
#  File has not been updated.

cleanall:
#  Implicit rule search has not been done.
#  Modification time never checked.
#  File has not been updated.
#  commands to execute (from `makefile', line 45):
	rm -rf *.o *.am *.ob *.ext *.ent assembler
	

# files hash-table stats:
# Load=33/1024=3%, Rehash=0, Collisions=1/78=1%
# VPATH Search Paths

# No `vpath' search paths.

# No general (`VPATH' variable) search path.

# # of strings in strcache: 1
# # of strcache buffers: 1
# strcache size: total = 4096 / max = 4096 / min = 4096 / avg = 4096
# strcache free: total = 4087 / max = 4087 / min = 4087 / avg = 4087

# Finished Make data base on Fri Jul 22 20:01:42 2022

 
